[debug] [2024-06-13T15:42:09.250Z] ----------------------------------------------------------------------
[debug] [2024-06-13T15:42:09.252Z] Command:       C:\Program Files\nodejs\node.exe C:\Users\USER PC\AppData\Roaming\npm\node_modules\firebase-tools\lib\bin\firebase.js init
[debug] [2024-06-13T15:42:09.253Z] CLI Version:   13.11.2
[debug] [2024-06-13T15:42:09.253Z] Platform:      win32
[debug] [2024-06-13T15:42:09.253Z] Node Version:  v20.12.2
[debug] [2024-06-13T15:42:09.253Z] Time:          Thu Jun 13 2024 17:42:09 GMT+0200 (South Africa Standard Time)
[debug] [2024-06-13T15:42:09.253Z] ----------------------------------------------------------------------
[debug] 
[debug] [2024-06-13T15:42:09.255Z] >>> [apiv2][query] GET https://firebase-public.firebaseio.com/cli.json [none]
[debug] [2024-06-13T15:42:09.287Z] > command requires scopes: ["email","openid","https://www.googleapis.com/auth/cloudplatformprojects.readonly","https://www.googleapis.com/auth/firebase","https://www.googleapis.com/auth/cloud-platform"]
[debug] [2024-06-13T15:42:09.287Z] > authorizing via signed-in user (jnevin7@gmail.com)
[info] 
     ######## #### ########  ######## ########     ###     ######  ########
     ##        ##  ##     ## ##       ##     ##  ##   ##  ##       ##
     ######    ##  ########  ######   ########  #########  ######  ######
     ##        ##  ##    ##  ##       ##     ## ##     ##       ## ##
     ##       #### ##     ## ######## ########  ##     ##  ######  ########

You're about to initialize a Firebase project in this directory:

  C:\Users\USER PC\Documents\Coding\React\Project\Project\dog-facebook

[debug] [2024-06-13T15:42:09.954Z] <<< [apiv2][status] GET https://firebase-public.firebaseio.com/cli.json 200
[debug] [2024-06-13T15:42:09.954Z] <<< [apiv2][body] GET https://firebase-public.firebaseio.com/cli.json {"cloudBuildErrorAfter":1594252800000,"cloudBuildWarnAfter":1590019200000,"defaultNode10After":1594252800000,"minVersion":"3.0.5","node8DeploysDisabledAfter":1613390400000,"node8RuntimeDisabledAfter":1615809600000,"node8WarnAfter":1600128000000}
[info] 
=== Project Setup
[info] 
[info] First, let's associate this project directory with a Firebase project.
[info] You can create multiple project aliases by running firebase use --add, 
[info] but for now we'll just set up a default project.
[info] 
[debug] [2024-06-13T15:42:34.591Z] > refreshing access token with scopes: []
[debug] [2024-06-13T15:42:34.592Z] >>> [apiv2][query] POST https://www.googleapis.com/oauth2/v3/token [none]
[debug] [2024-06-13T15:42:34.592Z] >>> [apiv2][body] POST https://www.googleapis.com/oauth2/v3/token [omitted]
[debug] [2024-06-13T15:42:34.979Z] <<< [apiv2][status] POST https://www.googleapis.com/oauth2/v3/token 200
[debug] [2024-06-13T15:42:34.979Z] <<< [apiv2][body] POST https://www.googleapis.com/oauth2/v3/token [omitted]
[debug] [2024-06-13T15:42:34.984Z] >>> [apiv2][query] GET https://firebase.googleapis.com/v1beta1/projects pageSize=100
[debug] [2024-06-13T15:42:35.688Z] <<< [apiv2][status] GET https://firebase.googleapis.com/v1beta1/projects 200
[debug] [2024-06-13T15:42:35.688Z] <<< [apiv2][body] GET https://firebase.googleapis.com/v1beta1/projects [omitted]
[info] i  Using project dogfacebook-d694f (dogFacebook) 
[info] 
=== Functions Setup
[debug] [2024-06-13T15:42:36.842Z] > command requires scopes: ["email","openid","https://www.googleapis.com/auth/cloudplatformprojects.readonly","https://www.googleapis.com/auth/firebase","https://www.googleapis.com/auth/cloud-platform"]
[debug] [2024-06-13T15:42:36.842Z] > authorizing via signed-in user (jnevin7@gmail.com)
[debug] [2024-06-13T15:42:36.842Z] [iam] checking project dogfacebook-d694f for permissions ["firebase.projects.get"]
[debug] [2024-06-13T15:42:36.842Z] >>> [apiv2][query] POST https://cloudresourcemanager.googleapis.com/v1/projects/dogfacebook-d694f:testIamPermissions [none]
[debug] [2024-06-13T15:42:36.842Z] >>> [apiv2][(partial)header] POST https://cloudresourcemanager.googleapis.com/v1/projects/dogfacebook-d694f:testIamPermissions x-goog-quota-user=projects/dogfacebook-d694f
[debug] [2024-06-13T15:42:36.842Z] >>> [apiv2][body] POST https://cloudresourcemanager.googleapis.com/v1/projects/dogfacebook-d694f:testIamPermissions {"permissions":["firebase.projects.get"]}
[debug] [2024-06-13T15:42:38.585Z] <<< [apiv2][status] POST https://cloudresourcemanager.googleapis.com/v1/projects/dogfacebook-d694f:testIamPermissions 200
[debug] [2024-06-13T15:42:38.585Z] <<< [apiv2][body] POST https://cloudresourcemanager.googleapis.com/v1/projects/dogfacebook-d694f:testIamPermissions {"permissions":["firebase.projects.get"]}
[debug] [2024-06-13T15:42:38.586Z] >>> [apiv2][query] GET https://serviceusage.googleapis.com/v1/projects/dogfacebook-d694f/services/cloudfunctions.googleapis.com [none]
[debug] [2024-06-13T15:42:38.586Z] >>> [apiv2][(partial)header] GET https://serviceusage.googleapis.com/v1/projects/dogfacebook-d694f/services/cloudfunctions.googleapis.com x-goog-quota-user=projects/dogfacebook-d694f
[debug] [2024-06-13T15:42:38.587Z] >>> [apiv2][query] GET https://serviceusage.googleapis.com/v1/projects/dogfacebook-d694f/services/runtimeconfig.googleapis.com [none]
[debug] [2024-06-13T15:42:38.587Z] >>> [apiv2][(partial)header] GET https://serviceusage.googleapis.com/v1/projects/dogfacebook-d694f/services/runtimeconfig.googleapis.com x-goog-quota-user=projects/dogfacebook-d694f
[debug] [2024-06-13T15:42:40.479Z] <<< [apiv2][status] GET https://serviceusage.googleapis.com/v1/projects/dogfacebook-d694f/services/cloudfunctions.googleapis.com 200
[debug] [2024-06-13T15:42:40.480Z] <<< [apiv2][body] GET https://serviceusage.googleapis.com/v1/projects/dogfacebook-d694f/services/cloudfunctions.googleapis.com [omitted]
[debug] [2024-06-13T15:42:40.493Z] <<< [apiv2][status] GET https://serviceusage.googleapis.com/v1/projects/dogfacebook-d694f/services/runtimeconfig.googleapis.com 200
[debug] [2024-06-13T15:42:40.493Z] <<< [apiv2][body] GET https://serviceusage.googleapis.com/v1/projects/dogfacebook-d694f/services/runtimeconfig.googleapis.com [omitted]
[info] Let's create a new codebase for your functions.
[info] A directory corresponding to the codebase will be created in your project
[info] with sample code pre-configured.

[info] See https://firebase.google.com/docs/functions/organize-functions for
[info] more information on organizing your functions using codebases.

[info] Functions can be deployed with firebase deploy.

[info] +  Wrote functions/package.json 
[info] +  Wrote functions/index.js 
[info] +  Wrote functions/.gitignore 
